43.78	XIAOHUI LING	concentrates
52.71	XIAOHUI LING	distinguishable
36.95	John	watchmaker
59.23	Gray	transmission
32.12	Test	unrealistic
46.66	Jim	soundproofs
59.97	Tom	approximately
65.25	XIAOHUI LING	peregrinations
86.74	Jingyi	blackballs
113.35	Gary	Testable
7.25	Robot	Happiness
35.33	Kent	learning
87.11	petter	practices	
44.3	John	competitors
81.56	tingting	mandatory
70.15	Jim ma	actualized
77.54	Jerry	hemstitchs
32.53	dick	warehoused
75.34	Tim	finnbogadottir
69.87	Fir	hydraulically
32.0	xiaomin	straitjackets
81.02	haha	andrianampoinimerina
